
*** Running vivado
    with args -log seg7decimal.vds -m64 -product Vivado -mode batch -messageDb vivado.pb -notrace -source seg7decimal.tcl


****** Vivado v2018.2 (64-bit)
  **** SW Build 2258646 on Thu Jun 14 20:02:38 MDT 2018
  **** IP Build 2256618 on Thu Jun 14 22:10:49 MDT 2018
    ** Copyright 1986-2018 Xilinx, Inc. All Rights Reserved.

source seg7decimal.tcl -notrace
Command: synth_design -top seg7decimal -part xc7a35tcpg236-1
Starting synth_design
Attempting to get a license for feature 'Synthesis' and/or device 'xc7a35t'
INFO: [Common 17-349] Got license for feature 'Synthesis' and/or device 'xc7a35t'
INFO: Launching helper process for spawning children vivado processes
INFO: Helper process launched with PID 17932 
---------------------------------------------------------------------------------
Starting RTL Elaboration : Time (s): cpu = 00:00:01 ; elapsed = 00:00:02 . Memory (MB): peak = 1259.320 ; gain = 79.863 ; free physical = 798 ; free virtual = 20688
---------------------------------------------------------------------------------
INFO: [Synth 8-6157] synthesizing module 'seg7decimal' [/home/2017csb1084/lose/comparator.srcs/sources_1/imports/2017csb1084/seg_7.v:3]
INFO: [Synth 8-226] default block is never used [/home/2017csb1084/lose/comparator.srcs/sources_1/imports/2017csb1084/seg_7.v:45]
INFO: [Synth 8-6155] done synthesizing module 'seg7decimal' (1#1) [/home/2017csb1084/lose/comparator.srcs/sources_1/imports/2017csb1084/seg_7.v:3]
WARNING: [Synth 8-3917] design seg7decimal has port dp driven by constant 1
---------------------------------------------------------------------------------
Finished RTL Elaboration : Time (s): cpu = 00:00:02 ; elapsed = 00:00:02 . Memory (MB): peak = 1303.945 ; gain = 124.488 ; free physical = 810 ; free virtual = 20700
---------------------------------------------------------------------------------

Report Check Netlist: 
+------+------------------+-------+---------+-------+------------------+
|      |Item              |Errors |Warnings |Status |Description       |
+------+------------------+-------+---------+-------+------------------+
|1     |multi_driven_nets |      0|        0|Passed |Multi driven nets |
+------+------------------+-------+---------+-------+------------------+
---------------------------------------------------------------------------------
Start Handling Custom Attributes
---------------------------------------------------------------------------------
---------------------------------------------------------------------------------
Finished Handling Custom Attributes : Time (s): cpu = 00:00:02 ; elapsed = 00:00:02 . Memory (MB): peak = 1303.945 ; gain = 124.488 ; free physical = 809 ; free virtual = 20699
---------------------------------------------------------------------------------
---------------------------------------------------------------------------------
Finished RTL Optimization Phase 1 : Time (s): cpu = 00:00:02 ; elapsed = 00:00:02 . Memory (MB): peak = 1303.945 ; gain = 124.488 ; free physical = 809 ; free virtual = 20699
---------------------------------------------------------------------------------
INFO: [Device 21-403] Loading part xc7a35tcpg236-1
INFO: [Project 1-570] Preparing netlist for logic optimization

Processing XDC Constraints
Initializing timing engine
Parsing XDC File [/home/2017csb1084/lose/comparator.srcs/constrs_1/imports/2017csb1084/Basys3_Master.xdc]
WARNING: [Vivado 12-584] No ports matched 'ld[0]'. [/home/2017csb1084/lose/comparator.srcs/constrs_1/imports/2017csb1084/Basys3_Master.xdc:47]
CRITICAL WARNING: [Common 17-55] 'set_property' expects at least one object. [/home/2017csb1084/lose/comparator.srcs/constrs_1/imports/2017csb1084/Basys3_Master.xdc:47]
Resolution: If [get_<value>] was used to populate the object, check to make sure this command returns at least one valid object.
WARNING: [Vivado 12-584] No ports matched 'ld[0]'. [/home/2017csb1084/lose/comparator.srcs/constrs_1/imports/2017csb1084/Basys3_Master.xdc:48]
CRITICAL WARNING: [Common 17-55] 'set_property' expects at least one object. [/home/2017csb1084/lose/comparator.srcs/constrs_1/imports/2017csb1084/Basys3_Master.xdc:48]
Resolution: If [get_<value>] was used to populate the object, check to make sure this command returns at least one valid object.
WARNING: [Vivado 12-584] No ports matched 'ld[1]'. [/home/2017csb1084/lose/comparator.srcs/constrs_1/imports/2017csb1084/Basys3_Master.xdc:49]
CRITICAL WARNING: [Common 17-55] 'set_property' expects at least one object. [/home/2017csb1084/lose/comparator.srcs/constrs_1/imports/2017csb1084/Basys3_Master.xdc:49]
Resolution: If [get_<value>] was used to populate the object, check to make sure this command returns at least one valid object.
WARNING: [Vivado 12-584] No ports matched 'ld[1]'. [/home/2017csb1084/lose/comparator.srcs/constrs_1/imports/2017csb1084/Basys3_Master.xdc:50]
CRITICAL WARNING: [Common 17-55] 'set_property' expects at least one object. [/home/2017csb1084/lose/comparator.srcs/constrs_1/imports/2017csb1084/Basys3_Master.xdc:50]
Resolution: If [get_<value>] was used to populate the object, check to make sure this command returns at least one valid object.
WARNING: [Vivado 12-584] No ports matched 'ld[2]'. [/home/2017csb1084/lose/comparator.srcs/constrs_1/imports/2017csb1084/Basys3_Master.xdc:51]
CRITICAL WARNING: [Common 17-55] 'set_property' expects at least one object. [/home/2017csb1084/lose/comparator.srcs/constrs_1/imports/2017csb1084/Basys3_Master.xdc:51]
Resolution: If [get_<value>] was used to populate the object, check to make sure this command returns at least one valid object.
WARNING: [Vivado 12-584] No ports matched 'ld[2]'. [/home/2017csb1084/lose/comparator.srcs/constrs_1/imports/2017csb1084/Basys3_Master.xdc:52]
CRITICAL WARNING: [Common 17-55] 'set_property' expects at least one object. [/home/2017csb1084/lose/comparator.srcs/constrs_1/imports/2017csb1084/Basys3_Master.xdc:52]
Resolution: If [get_<value>] was used to populate the object, check to make sure this command returns at least one valid object.
WARNING: [Vivado 12-584] No ports matched 'ld[3]'. [/home/2017csb1084/lose/comparator.srcs/constrs_1/imports/2017csb1084/Basys3_Master.xdc:53]
CRITICAL WARNING: [Common 17-55] 'set_property' expects at least one object. [/home/2017csb1084/lose/comparator.srcs/constrs_1/imports/2017csb1084/Basys3_Master.xdc:53]
Resolution: If [get_<value>] was used to populate the object, check to make sure this command returns at least one valid object.
WARNING: [Vivado 12-584] No ports matched 'ld[3]'. [/home/2017csb1084/lose/comparator.srcs/constrs_1/imports/2017csb1084/Basys3_Master.xdc:54]
CRITICAL WARNING: [Common 17-55] 'set_property' expects at least one object. [/home/2017csb1084/lose/comparator.srcs/constrs_1/imports/2017csb1084/Basys3_Master.xdc:54]
Resolution: If [get_<value>] was used to populate the object, check to make sure this command returns at least one valid object.
WARNING: [Vivado 12-584] No ports matched 'ld[4]'. [/home/2017csb1084/lose/comparator.srcs/constrs_1/imports/2017csb1084/Basys3_Master.xdc:55]
CRITICAL WARNING: [Common 17-55] 'set_property' expects at least one object. [/home/2017csb1084/lose/comparator.srcs/constrs_1/imports/2017csb1084/Basys3_Master.xdc:55]
Resolution: If [get_<value>] was used to populate the object, check to make sure this command returns at least one valid object.
WARNING: [Vivado 12-584] No ports matched 'ld[4]'. [/home/2017csb1084/lose/comparator.srcs/constrs_1/imports/2017csb1084/Basys3_Master.xdc:56]
CRITICAL WARNING: [Common 17-55] 'set_property' expects at least one object. [/home/2017csb1084/lose/comparator.srcs/constrs_1/imports/2017csb1084/Basys3_Master.xdc:56]
Resolution: If [get_<value>] was used to populate the object, check to make sure this command returns at least one valid object.
WARNING: [Vivado 12-584] No ports matched 'ld[5]'. [/home/2017csb1084/lose/comparator.srcs/constrs_1/imports/2017csb1084/Basys3_Master.xdc:57]
CRITICAL WARNING: [Common 17-55] 'set_property' expects at least one object. [/home/2017csb1084/lose/comparator.srcs/constrs_1/imports/2017csb1084/Basys3_Master.xdc:57]
Resolution: If [get_<value>] was used to populate the object, check to make sure this command returns at least one valid object.
WARNING: [Vivado 12-584] No ports matched 'ld[5]'. [/home/2017csb1084/lose/comparator.srcs/constrs_1/imports/2017csb1084/Basys3_Master.xdc:58]
CRITICAL WARNING: [Common 17-55] 'set_property' expects at least one object. [/home/2017csb1084/lose/comparator.srcs/constrs_1/imports/2017csb1084/Basys3_Master.xdc:58]
Resolution: If [get_<value>] was used to populate the object, check to make sure this command returns at least one valid object.
WARNING: [Vivado 12-584] No ports matched 'ld[6]'. [/home/2017csb1084/lose/comparator.srcs/constrs_1/imports/2017csb1084/Basys3_Master.xdc:59]
CRITICAL WARNING: [Common 17-55] 'set_property' expects at least one object. [/home/2017csb1084/lose/comparator.srcs/constrs_1/imports/2017csb1084/Basys3_Master.xdc:59]
Resolution: If [get_<value>] was used to populate the object, check to make sure this command returns at least one valid object.
WARNING: [Vivado 12-584] No ports matched 'ld[6]'. [/home/2017csb1084/lose/comparator.srcs/constrs_1/imports/2017csb1084/Basys3_Master.xdc:60]
CRITICAL WARNING: [Common 17-55] 'set_property' expects at least one object. [/home/2017csb1084/lose/comparator.srcs/constrs_1/imports/2017csb1084/Basys3_Master.xdc:60]
Resolution: If [get_<value>] was used to populate the object, check to make sure this command returns at least one valid object.
WARNING: [Vivado 12-584] No ports matched 'ld[7]'. [/home/2017csb1084/lose/comparator.srcs/constrs_1/imports/2017csb1084/Basys3_Master.xdc:61]
CRITICAL WARNING: [Common 17-55] 'set_property' expects at least one object. [/home/2017csb1084/lose/comparator.srcs/constrs_1/imports/2017csb1084/Basys3_Master.xdc:61]
Resolution: If [get_<value>] was used to populate the object, check to make sure this command returns at least one valid object.
WARNING: [Vivado 12-584] No ports matched 'ld[7]'. [/home/2017csb1084/lose/comparator.srcs/constrs_1/imports/2017csb1084/Basys3_Master.xdc:62]
CRITICAL WARNING: [Common 17-55] 'set_property' expects at least one object. [/home/2017csb1084/lose/comparator.srcs/constrs_1/imports/2017csb1084/Basys3_Master.xdc:62]
Resolution: If [get_<value>] was used to populate the object, check to make sure this command returns at least one valid object.
WARNING: [Vivado 12-584] No ports matched 'ld[8]'. [/home/2017csb1084/lose/comparator.srcs/constrs_1/imports/2017csb1084/Basys3_Master.xdc:63]
CRITICAL WARNING: [Common 17-55] 'set_property' expects at least one object. [/home/2017csb1084/lose/comparator.srcs/constrs_1/imports/2017csb1084/Basys3_Master.xdc:63]
Resolution: If [get_<value>] was used to populate the object, check to make sure this command returns at least one valid object.
WARNING: [Vivado 12-584] No ports matched 'ld[8]'. [/home/2017csb1084/lose/comparator.srcs/constrs_1/imports/2017csb1084/Basys3_Master.xdc:64]
CRITICAL WARNING: [Common 17-55] 'set_property' expects at least one object. [/home/2017csb1084/lose/comparator.srcs/constrs_1/imports/2017csb1084/Basys3_Master.xdc:64]
Resolution: If [get_<value>] was used to populate the object, check to make sure this command returns at least one valid object.
WARNING: [Vivado 12-584] No ports matched 'ld[9]'. [/home/2017csb1084/lose/comparator.srcs/constrs_1/imports/2017csb1084/Basys3_Master.xdc:65]
CRITICAL WARNING: [Common 17-55] 'set_property' expects at least one object. [/home/2017csb1084/lose/comparator.srcs/constrs_1/imports/2017csb1084/Basys3_Master.xdc:65]
Resolution: If [get_<value>] was used to populate the object, check to make sure this command returns at least one valid object.
WARNING: [Vivado 12-584] No ports matched 'ld[9]'. [/home/2017csb1084/lose/comparator.srcs/constrs_1/imports/2017csb1084/Basys3_Master.xdc:66]
CRITICAL WARNING: [Common 17-55] 'set_property' expects at least one object. [/home/2017csb1084/lose/comparator.srcs/constrs_1/imports/2017csb1084/Basys3_Master.xdc:66]
Resolution: If [get_<value>] was used to populate the object, check to make sure this command returns at least one valid object.
WARNING: [Vivado 12-584] No ports matched 'ld[10]'. [/home/2017csb1084/lose/comparator.srcs/constrs_1/imports/2017csb1084/Basys3_Master.xdc:67]
CRITICAL WARNING: [Common 17-55] 'set_property' expects at least one object. [/home/2017csb1084/lose/comparator.srcs/constrs_1/imports/2017csb1084/Basys3_Master.xdc:67]
Resolution: If [get_<value>] was used to populate the object, check to make sure this command returns at least one valid object.
WARNING: [Vivado 12-584] No ports matched 'ld[10]'. [/home/2017csb1084/lose/comparator.srcs/constrs_1/imports/2017csb1084/Basys3_Master.xdc:68]
CRITICAL WARNING: [Common 17-55] 'set_property' expects at least one object. [/home/2017csb1084/lose/comparator.srcs/constrs_1/imports/2017csb1084/Basys3_Master.xdc:68]
Resolution: If [get_<value>] was used to populate the object, check to make sure this command returns at least one valid object.
WARNING: [Vivado 12-584] No ports matched 'ld[11]'. [/home/2017csb1084/lose/comparator.srcs/constrs_1/imports/2017csb1084/Basys3_Master.xdc:69]
CRITICAL WARNING: [Common 17-55] 'set_property' expects at least one object. [/home/2017csb1084/lose/comparator.srcs/constrs_1/imports/2017csb1084/Basys3_Master.xdc:69]
Resolution: If [get_<value>] was used to populate the object, check to make sure this command returns at least one valid object.
WARNING: [Vivado 12-584] No ports matched 'ld[11]'. [/home/2017csb1084/lose/comparator.srcs/constrs_1/imports/2017csb1084/Basys3_Master.xdc:70]
CRITICAL WARNING: [Common 17-55] 'set_property' expects at least one object. [/home/2017csb1084/lose/comparator.srcs/constrs_1/imports/2017csb1084/Basys3_Master.xdc:70]
Resolution: If [get_<value>] was used to populate the object, check to make sure this command returns at least one valid object.
WARNING: [Vivado 12-584] No ports matched 'ld[12]'. [/home/2017csb1084/lose/comparator.srcs/constrs_1/imports/2017csb1084/Basys3_Master.xdc:71]
CRITICAL WARNING: [Common 17-55] 'set_property' expects at least one object. [/home/2017csb1084/lose/comparator.srcs/constrs_1/imports/2017csb1084/Basys3_Master.xdc:71]
Resolution: If [get_<value>] was used to populate the object, check to make sure this command returns at least one valid object.
WARNING: [Vivado 12-584] No ports matched 'ld[12]'. [/home/2017csb1084/lose/comparator.srcs/constrs_1/imports/2017csb1084/Basys3_Master.xdc:72]
CRITICAL WARNING: [Common 17-55] 'set_property' expects at least one object. [/home/2017csb1084/lose/comparator.srcs/constrs_1/imports/2017csb1084/Basys3_Master.xdc:72]
Resolution: If [get_<value>] was used to populate the object, check to make sure this command returns at least one valid object.
WARNING: [Vivado 12-584] No ports matched 'ld[13]'. [/home/2017csb1084/lose/comparator.srcs/constrs_1/imports/2017csb1084/Basys3_Master.xdc:73]
CRITICAL WARNING: [Common 17-55] 'set_property' expects at least one object. [/home/2017csb1084/lose/comparator.srcs/constrs_1/imports/2017csb1084/Basys3_Master.xdc:73]
Resolution: If [get_<value>] was used to populate the object, check to make sure this command returns at least one valid object.
WARNING: [Vivado 12-584] No ports matched 'ld[13]'. [/home/2017csb1084/lose/comparator.srcs/constrs_1/imports/2017csb1084/Basys3_Master.xdc:74]
CRITICAL WARNING: [Common 17-55] 'set_property' expects at least one object. [/home/2017csb1084/lose/comparator.srcs/constrs_1/imports/2017csb1084/Basys3_Master.xdc:74]
Resolution: If [get_<value>] was used to populate the object, check to make sure this command returns at least one valid object.
WARNING: [Vivado 12-584] No ports matched 'ld[14]'. [/home/2017csb1084/lose/comparator.srcs/constrs_1/imports/2017csb1084/Basys3_Master.xdc:75]
CRITICAL WARNING: [Common 17-55] 'set_property' expects at least one object. [/home/2017csb1084/lose/comparator.srcs/constrs_1/imports/2017csb1084/Basys3_Master.xdc:75]
Resolution: If [get_<value>] was used to populate the object, check to make sure this command returns at least one valid object.
WARNING: [Vivado 12-584] No ports matched 'ld[14]'. [/home/2017csb1084/lose/comparator.srcs/constrs_1/imports/2017csb1084/Basys3_Master.xdc:76]
CRITICAL WARNING: [Common 17-55] 'set_property' expects at least one object. [/home/2017csb1084/lose/comparator.srcs/constrs_1/imports/2017csb1084/Basys3_Master.xdc:76]
Resolution: If [get_<value>] was used to populate the object, check to make sure this command returns at least one valid object.
WARNING: [Vivado 12-584] No ports matched 'ld[15]'. [/home/2017csb1084/lose/comparator.srcs/constrs_1/imports/2017csb1084/Basys3_Master.xdc:77]
CRITICAL WARNING: [Common 17-55] 'set_property' expects at least one object. [/home/2017csb1084/lose/comparator.srcs/constrs_1/imports/2017csb1084/Basys3_Master.xdc:77]
Resolution: If [get_<value>] was used to populate the object, check to make sure this command returns at least one valid object.
WARNING: [Vivado 12-584] No ports matched 'ld[15]'. [/home/2017csb1084/lose/comparator.srcs/constrs_1/imports/2017csb1084/Basys3_Master.xdc:78]
CRITICAL WARNING: [Common 17-55] 'set_property' expects at least one object. [/home/2017csb1084/lose/comparator.srcs/constrs_1/imports/2017csb1084/Basys3_Master.xdc:78]
Resolution: If [get_<value>] was used to populate the object, check to make sure this command returns at least one valid object.
Finished Parsing XDC File [/home/2017csb1084/lose/comparator.srcs/constrs_1/imports/2017csb1084/Basys3_Master.xdc]
INFO: [Project 1-236] Implementation specific constraints were found while reading constraint file [/home/2017csb1084/lose/comparator.srcs/constrs_1/imports/2017csb1084/Basys3_Master.xdc]. These constraints will be ignored for synthesis but will be used in implementation. Impacted constraints are listed in the file [.Xil/seg7decimal_propImpl.xdc].
Resolution: To avoid this warning, move constraints listed in [.Xil/seg7decimal_propImpl.xdc] to another XDC file and exclude this new file from synthesis with the used_in_synthesis property (File Properties dialog in GUI) and re-run elaboration/synthesis.
Completed Processing XDC Constraints

INFO: [Project 1-111] Unisim Transformation Summary:
No Unisim elements were transformed.

Constraint Validation Runtime : Time (s): cpu = 00:00:00 ; elapsed = 00:00:00 . Memory (MB): peak = 1622.820 ; gain = 0.000 ; free physical = 563 ; free virtual = 20453
---------------------------------------------------------------------------------
Finished Constraint Validation : Time (s): cpu = 00:00:08 ; elapsed = 00:00:16 . Memory (MB): peak = 1622.820 ; gain = 443.363 ; free physical = 639 ; free virtual = 20529
---------------------------------------------------------------------------------
---------------------------------------------------------------------------------
Start Loading Part and Timing Information
---------------------------------------------------------------------------------
Loading part: xc7a35tcpg236-1
---------------------------------------------------------------------------------
Finished Loading Part and Timing Information : Time (s): cpu = 00:00:08 ; elapsed = 00:00:16 . Memory (MB): peak = 1622.820 ; gain = 443.363 ; free physical = 639 ; free virtual = 20529
---------------------------------------------------------------------------------
---------------------------------------------------------------------------------
Start Applying 'set_property' XDC Constraints
---------------------------------------------------------------------------------
---------------------------------------------------------------------------------
Finished applying 'set_property' XDC Constraints : Time (s): cpu = 00:00:08 ; elapsed = 00:00:16 . Memory (MB): peak = 1622.820 ; gain = 443.363 ; free physical = 641 ; free virtual = 20531
---------------------------------------------------------------------------------
INFO: [Synth 8-5544] ROM "a_to_g" won't be mapped to Block RAM because address size (4) smaller than threshold (5)
---------------------------------------------------------------------------------
Finished RTL Optimization Phase 2 : Time (s): cpu = 00:00:08 ; elapsed = 00:00:16 . Memory (MB): peak = 1622.820 ; gain = 443.363 ; free physical = 632 ; free virtual = 20522
---------------------------------------------------------------------------------

Report RTL Partitions: 
+-+--------------+------------+----------+
| |RTL Partition |Replication |Instances |
+-+--------------+------------+----------+
+-+--------------+------------+----------+
---------------------------------------------------------------------------------
Start RTL Component Statistics 
---------------------------------------------------------------------------------
Detailed RTL Component Info : 
+---Registers : 
	                4 Bit    Registers := 1     
+---Muxes : 
	   2 Input     15 Bit        Muxes := 1     
	   2 Input      7 Bit        Muxes := 1     
	   8 Input      7 Bit        Muxes := 1     
	   4 Input      4 Bit        Muxes := 1     
	   2 Input      4 Bit        Muxes := 1     
---------------------------------------------------------------------------------
Finished RTL Component Statistics 
---------------------------------------------------------------------------------
---------------------------------------------------------------------------------
Start RTL Hierarchical Component Statistics 
---------------------------------------------------------------------------------
Hierarchical RTL Component report 
Module seg7decimal 
Detailed RTL Component Info : 
+---Registers : 
	                4 Bit    Registers := 1     
+---Muxes : 
	   2 Input     15 Bit        Muxes := 1     
	   2 Input      7 Bit        Muxes := 1     
	   8 Input      7 Bit        Muxes := 1     
	   4 Input      4 Bit        Muxes := 1     
	   2 Input      4 Bit        Muxes := 1     
---------------------------------------------------------------------------------
Finished RTL Hierarchical Component Statistics
---------------------------------------------------------------------------------
---------------------------------------------------------------------------------
Start Part Resource Summary
---------------------------------------------------------------------------------
Part Resources:
DSPs: 90 (col length:60)
BRAMs: 100 (col length: RAMB18 60 RAMB36 30)
---------------------------------------------------------------------------------
Finished Part Resource Summary
---------------------------------------------------------------------------------
---------------------------------------------------------------------------------
Start Cross Boundary and Area Optimization
---------------------------------------------------------------------------------
Warning: Parallel synthesis criteria is not met 
WARNING: [Synth 8-3917] design seg7decimal has port a_to_g[5] driven by constant 0
WARNING: [Synth 8-3917] design seg7decimal has port dp driven by constant 1
---------------------------------------------------------------------------------
Finished Cross Boundary and Area Optimization : Time (s): cpu = 00:00:08 ; elapsed = 00:00:16 . Memory (MB): peak = 1622.820 ; gain = 443.363 ; free physical = 621 ; free virtual = 20512
---------------------------------------------------------------------------------

Report RTL Partitions: 
+-+--------------+------------+----------+
| |RTL Partition |Replication |Instances |
+-+--------------+------------+----------+
+-+--------------+------------+----------+
---------------------------------------------------------------------------------
Start Applying XDC Timing Constraints
---------------------------------------------------------------------------------
---------------------------------------------------------------------------------
Finished Applying XDC Timing Constraints : Time (s): cpu = 00:00:12 ; elapsed = 00:00:22 . Memory (MB): peak = 1622.820 ; gain = 443.363 ; free physical = 497 ; free virtual = 20388
---------------------------------------------------------------------------------
---------------------------------------------------------------------------------
Start Timing Optimization
---------------------------------------------------------------------------------
---------------------------------------------------------------------------------
Finished Timing Optimization : Time (s): cpu = 00:00:12 ; elapsed = 00:00:22 . Memory (MB): peak = 1622.820 ; gain = 443.363 ; free physical = 496 ; free virtual = 20387
---------------------------------------------------------------------------------

Report RTL Partitions: 
+-+--------------+------------+----------+
| |RTL Partition |Replication |Instances |
+-+--------------+------------+----------+
+-+--------------+------------+----------+
---------------------------------------------------------------------------------
Start Technology Mapping
---------------------------------------------------------------------------------
---------------------------------------------------------------------------------
Finished Technology Mapping : Time (s): cpu = 00:00:12 ; elapsed = 00:00:22 . Memory (MB): peak = 1622.820 ; gain = 443.363 ; free physical = 496 ; free virtual = 20387
---------------------------------------------------------------------------------

Report RTL Partitions: 
+-+--------------+------------+----------+
| |RTL Partition |Replication |Instances |
+-+--------------+------------+----------+
+-+--------------+------------+----------+
---------------------------------------------------------------------------------
Start IO Insertion
---------------------------------------------------------------------------------
---------------------------------------------------------------------------------
Start Flattening Before IO Insertion
---------------------------------------------------------------------------------
---------------------------------------------------------------------------------
Finished Flattening Before IO Insertion
---------------------------------------------------------------------------------
---------------------------------------------------------------------------------
Start Final Netlist Cleanup
---------------------------------------------------------------------------------
---------------------------------------------------------------------------------
Finished Final Netlist Cleanup
---------------------------------------------------------------------------------
---------------------------------------------------------------------------------
Finished IO Insertion : Time (s): cpu = 00:00:13 ; elapsed = 00:00:23 . Memory (MB): peak = 1622.820 ; gain = 443.363 ; free physical = 496 ; free virtual = 20387
---------------------------------------------------------------------------------

Report Check Netlist: 
+------+------------------+-------+---------+-------+------------------+
|      |Item              |Errors |Warnings |Status |Description       |
+------+------------------+-------+---------+-------+------------------+
|1     |multi_driven_nets |      0|        0|Passed |Multi driven nets |
+------+------------------+-------+---------+-------+------------------+
---------------------------------------------------------------------------------
Start Renaming Generated Instances
---------------------------------------------------------------------------------
---------------------------------------------------------------------------------
Finished Renaming Generated Instances : Time (s): cpu = 00:00:13 ; elapsed = 00:00:23 . Memory (MB): peak = 1622.820 ; gain = 443.363 ; free physical = 496 ; free virtual = 20387
---------------------------------------------------------------------------------

Report RTL Partitions: 
+-+--------------+------------+----------+
| |RTL Partition |Replication |Instances |
+-+--------------+------------+----------+
+-+--------------+------------+----------+
---------------------------------------------------------------------------------
Start Rebuilding User Hierarchy
---------------------------------------------------------------------------------
---------------------------------------------------------------------------------
Finished Rebuilding User Hierarchy : Time (s): cpu = 00:00:13 ; elapsed = 00:00:23 . Memory (MB): peak = 1622.820 ; gain = 443.363 ; free physical = 496 ; free virtual = 20387
---------------------------------------------------------------------------------
---------------------------------------------------------------------------------
Start Renaming Generated Ports
---------------------------------------------------------------------------------
---------------------------------------------------------------------------------
Finished Renaming Generated Ports : Time (s): cpu = 00:00:13 ; elapsed = 00:00:23 . Memory (MB): peak = 1622.820 ; gain = 443.363 ; free physical = 496 ; free virtual = 20387
---------------------------------------------------------------------------------
---------------------------------------------------------------------------------
Start Handling Custom Attributes
---------------------------------------------------------------------------------
---------------------------------------------------------------------------------
Finished Handling Custom Attributes : Time (s): cpu = 00:00:13 ; elapsed = 00:00:23 . Memory (MB): peak = 1622.820 ; gain = 443.363 ; free physical = 496 ; free virtual = 20387
---------------------------------------------------------------------------------
---------------------------------------------------------------------------------
Start Renaming Generated Nets
---------------------------------------------------------------------------------
---------------------------------------------------------------------------------
Finished Renaming Generated Nets : Time (s): cpu = 00:00:13 ; elapsed = 00:00:23 . Memory (MB): peak = 1622.820 ; gain = 443.363 ; free physical = 496 ; free virtual = 20387
---------------------------------------------------------------------------------
---------------------------------------------------------------------------------
Start Writing Synthesis Report
---------------------------------------------------------------------------------

Report BlackBoxes: 
+-+--------------+----------+
| |BlackBox name |Instances |
+-+--------------+----------+
+-+--------------+----------+

Report Cell Usage: 
+------+-------+------+
|      |Cell   |Count |
+------+-------+------+
|1     |BUFG   |     1|
|2     |CARRY4 |     5|
|3     |LUT1   |     1|
|4     |LUT2   |     5|
|5     |LUT3   |     8|
|6     |FDRE   |    23|
|7     |IBUF   |     2|
|8     |OBUF   |    12|
+------+-------+------+

Report Instance Areas: 
+------+---------+-------+------+
|      |Instance |Module |Cells |
+------+---------+-------+------+
|1     |top      |       |    57|
+------+---------+-------+------+
---------------------------------------------------------------------------------
Finished Writing Synthesis Report : Time (s): cpu = 00:00:13 ; elapsed = 00:00:23 . Memory (MB): peak = 1622.820 ; gain = 443.363 ; free physical = 496 ; free virtual = 20387
---------------------------------------------------------------------------------
Synthesis finished with 0 errors, 0 critical warnings and 2 warnings.
Synthesis Optimization Runtime : Time (s): cpu = 00:00:08 ; elapsed = 00:00:11 . Memory (MB): peak = 1622.820 ; gain = 124.488 ; free physical = 551 ; free virtual = 20443
Synthesis Optimization Complete : Time (s): cpu = 00:00:13 ; elapsed = 00:00:23 . Memory (MB): peak = 1622.820 ; gain = 443.363 ; free physical = 551 ; free virtual = 20443
INFO: [Project 1-571] Translating synthesized netlist
INFO: [Netlist 29-17] Analyzing 7 Unisim elements for replacement
INFO: [Netlist 29-28] Unisim Transformation completed in 0 CPU seconds
INFO: [Project 1-570] Preparing netlist for logic optimization
INFO: [Opt 31-138] Pushed 0 inverter(s) to 0 load pin(s).
INFO: [Project 1-111] Unisim Transformation Summary:
No Unisim elements were transformed.

INFO: [Common 17-83] Releasing license: Synthesis
16 Infos, 35 Warnings, 32 Critical Warnings and 0 Errors encountered.
synth_design completed successfully
synth_design: Time (s): cpu = 00:00:14 ; elapsed = 00:00:24 . Memory (MB): peak = 1642.836 ; gain = 463.516 ; free physical = 549 ; free virtual = 20440
WARNING: [Constraints 18-5210] No constraint will be written out.
INFO: [Common 17-1381] The checkpoint '/home/2017csb1084/lose/comparator.runs/synth_1/seg7decimal.dcp' has been generated.
INFO: [runtcl-4] Executing : report_utilization -file seg7decimal_utilization_synth.rpt -pb seg7decimal_utilization_synth.pb
report_utilization: Time (s): cpu = 00:00:00.05 ; elapsed = 00:00:00.06 . Memory (MB): peak = 1666.848 ; gain = 0.000 ; free physical = 550 ; free virtual = 20442
INFO: [Common 17-206] Exiting Vivado at Tue Nov 20 14:29:47 2018...
